<?xml version="1.0" encoding="UTF-8"?>
<!-- Generated by org.testng.reporters.JUnitReportReporter -->
<testsuite hostname="Renju-PC" name="com.org.mavenStudy.mavenproject.NewclassTest" tests="1" failures="0" timestamp="17 Feb 2016 06:10:45 GMT" time="77.802" errors="0">
  <testcase name="Login" time="77.802" classname="com.org.mavenStudy.mavenproject.NewclassTest"/>
</testsuite> <!-- com.org.mavenStudy.mavenproject.NewclassTest -->
